# JRE version: Java(TM) SE Runtime Environment (14.0.2+12) (build 14.0.2+12-46)
# Java VM: Java HotSpot(TM) 64-Bit Server VM (14.0.2+12-46, mixed mode, sharing, tiered, compressed oops, g1 gc, windows-amd64)
Heap:
 garbage-first heap   total 155648K, used 78417K [0x0000000083000000, 0x0000000100000000)
  region size 1024K, 74 young (75776K), 6 survivors (6144K)
 Metaspace       used 17301K, capacity 18010K, committed 18176K, reserved 1064960K
  class space    used 1998K, capacity 2258K, committed 2304K, reserved 1048576K
GC Heap History (14 events):
Event: 0.309 GC heap before
{Heap before GC invocations=0 (full 0):
 garbage-first heap   total 129024K, used 12288K [0x0000000083000000, 0x0000000100000000)
  region size 1024K, 13 young (13312K), 0 survivors (0K)
 Metaspace       used 1404K, capacity 4766K, committed 4864K, reserved 1056768K
  class space    used 125K, capacity 443K, committed 512K, reserved 1048576K
}
Event: 0.312 GC heap after
{Heap after GC invocations=1 (full 0):
 garbage-first heap   total 129024K, used 4545K [0x0000000083000000, 0x0000000100000000)
  region size 1024K, 2 young (2048K), 2 survivors (2048K)
 Metaspace       used 1404K, capacity 4766K, committed 4864K, reserved 1056768K
  class space    used 125K, capacity 443K, committed 512K, reserved 1048576K
}
Event: 0.604 GC heap before
{Heap before GC invocations=1 (full 0):
 garbage-first heap   total 129024K, used 18881K [0x0000000083000000, 0x0000000100000000)
  region size 1024K, 16 young (16384K), 2 survivors (2048K)
 Metaspace       used 4317K, capacity 6793K, committed 7040K, reserved 1056768K
  class space    used 530K, capacity 853K, committed 896K, reserved 1048576K
}
Event: 0.607 GC heap after
{Heap after GC invocations=2 (full 0):
 garbage-first heap   total 129024K, used 5344K [0x0000000083000000, 0x0000000100000000)
  region size 1024K, 1 young (1024K), 1 survivors (1024K)
 Metaspace       used 4317K, capacity 6793K, committed 7040K, reserved 1056768K
  class space    used 530K, capacity 853K, committed 896K, reserved 1048576K
}
Event: 1.346 GC heap before
{Heap before GC invocations=2 (full 0):
 garbage-first heap   total 129024K, used 81120K [0x0000000083000000, 0x0000000100000000)
  region size 1024K, 75 young (76800K), 1 survivors (1024K)
 Metaspace       used 12609K, capacity 13273K, committed 13568K, reserved 1060864K
  class space    used 1507K, capacity 1748K, committed 1792K, reserved 1048576K
}
Event: 1.351 GC heap after
{Heap after GC invocations=3 (full 0):
 garbage-first heap   total 129024K, used 7812K [0x0000000083000000, 0x0000000100000000)
  region size 1024K, 4 young (4096K), 4 survivors (4096K)
 Metaspace       used 12609K, capacity 13273K, committed 13568K, reserved 1060864K
  class space    used 1507K, capacity 1748K, committed 1792K, reserved 1048576K
}
Event: 2.309 GC heap before
{Heap before GC invocations=3 (full 0):
 garbage-first heap   total 129024K, used 80516K [0x0000000083000000, 0x0000000100000000)
  region size 1024K, 75 young (76800K), 4 survivors (4096K)
 Metaspace       used 15130K, capacity 15837K, committed 16000K, reserved 1062912K
  class space    used 1783K, capacity 2051K, committed 2176K, reserved 1048576K
}
Event: 2.313 GC heap after
{Heap after GC invocations=4 (full 0):
 garbage-first heap   total 129024K, used 9051K [0x0000000083000000, 0x0000000100000000)
  region size 1024K, 5 young (5120K), 5 survivors (5120K)
 Metaspace       used 15130K, capacity 15837K, committed 16000K, reserved 1062912K
  class space    used 1783K, capacity 2051K, committed 2176K, reserved 1048576K
}
Event: 2.611 GC heap before
{Heap before GC invocations=4 (full 0):
 garbage-first heap   total 129024K, used 80731K [0x0000000083000000, 0x0000000100000000)
  region size 1024K, 75 young (76800K), 5 survivors (5120K)
 Metaspace       used 16803K, capacity 17551K, committed 17664K, reserved 1064960K
  class space    used 1996K, capacity 2257K, committed 2304K, reserved 1048576K
}
Event: 2.617 GC heap after
{Heap after GC invocations=5 (full 0):
 garbage-first heap   total 129024K, used 9587K [0x0000000083000000, 0x0000000100000000)
  region size 1024K, 5 young (5120K), 5 survivors (5120K)
 Metaspace       used 16803K, capacity 17551K, committed 17664K, reserved 1064960K
  class space    used 1996K, capacity 2257K, committed 2304K, reserved 1048576K
}
Event: 2.793 GC heap before
{Heap before GC invocations=5 (full 0):
 garbage-first heap   total 129024K, used 80243K [0x0000000083000000, 0x0000000100000000)
  region size 1024K, 75 young (76800K), 5 survivors (5120K)
 Metaspace       used 16946K, capacity 17679K, committed 17920K, reserved 1064960K
  class space    used 1996K, capacity 2257K, committed 2304K, reserved 1048576K
}
Event: 2.798 GC heap after
{Heap after GC invocations=6 (full 0):
 garbage-first heap   total 155648K, used 9414K [0x0000000083000000, 0x0000000100000000)
  region size 1024K, 5 young (5120K), 5 survivors (5120K)
 Metaspace       used 16946K, capacity 17679K, committed 17920K, reserved 1064960K
  class space    used 1996K, capacity 2257K, committed 2304K, reserved 1048576K
}
Event: 3.015 GC heap before
{Heap before GC invocations=6 (full 0):
 garbage-first heap   total 155648K, used 97478K [0x0000000083000000, 0x0000000100000000)
  region size 1024K, 91 young (93184K), 5 survivors (5120K)
 Metaspace       used 17123K, capacity 17809K, committed 17920K, reserved 1064960K
  class space    used 1996K, capacity 2257K, committed 2304K, reserved 1048576K
}
Event: 3.020 GC heap after
{Heap after GC invocations=7 (full 0):
 garbage-first heap   total 155648K, used 9809K [0x0000000083000000, 0x0000000100000000)
  region size 1024K, 6 young (6144K), 6 survivors (6144K)
 Metaspace       used 17123K, capacity 17809K, committed 17920K, reserved 1064960K
  class space    used 1996K, capacity 2257K, committed 2304K, reserved 1048576K
}

